<?xml version="1.0" encoding="UTF-8"?>
<!-- Generated by org.testng.reporters.JUnitReportReporter -->
<testsuite hostname="Tunga" failures="0" tests="1" name="FrameWork1.Setup.PlaceOrder" time="0.006" errors="0" timestamp="2024-11-15T17:36:59 IST" skipped="0">
  <testcase classname="FrameWork1.Setup.PlaceOrder" name="Order" time="0.006"/>
</testsuite> <!-- FrameWork1.Setup.PlaceOrder -->
